  main.cpp
c:\users\engma\source\repos\mario\mario\main.cpp(18): warning C4838: conversion from 'double' to 'float' requires a narrowing conversion
c:\users\engma\source\repos\mario\mario\main.cpp(18): warning C4305: 'initializing': truncation from 'double' to 'float'
c:\users\engma\source\repos\mario\mario\main.cpp(26): warning C4838: conversion from 'double' to 'float' requires a narrowing conversion
c:\users\engma\source\repos\mario\mario\main.cpp(26): warning C4305: 'initializing': truncation from 'double' to 'float'
c:\users\engma\source\repos\mario\mario\main.cpp(28): warning C4615: #pragma warning: unknown user warning type
c:\users\engma\source\repos\mario\mario\main.cpp(126): warning C4244: '=': conversion from 'double' to 'float', possible loss of data
c:\users\engma\source\repos\mario\mario\main.cpp(127): warning C4244: '=': conversion from 'double' to 'float', possible loss of data
c:\users\engma\source\repos\mario\mario\main.cpp(128): warning C4244: '=': conversion from 'double' to 'float', possible loss of data
c:\users\engma\source\repos\mario\mario\main.cpp(129): warning C4244: '=': conversion from 'double' to 'float', possible loss of data
c:\users\engma\source\repos\mario\mario\main.cpp(131): warning C4244: '=': conversion from 'double' to 'float', possible loss of data
c:\users\engma\source\repos\mario\mario\main.cpp(132): warning C4244: '=': conversion from 'double' to 'float', possible loss of data
c:\users\engma\source\repos\mario\mario\main.cpp(133): warning C4244: '=': conversion from 'double' to 'float', possible loss of data
c:\users\engma\source\repos\mario\mario\main.cpp(134): warning C4244: '=': conversion from 'double' to 'float', possible loss of data
c:\users\engma\source\repos\mario\mario\main.cpp(180): warning C4305: 'argument': truncation from 'double' to 'float'
c:\users\engma\source\repos\mario\mario\main.cpp(185): warning C4305: 'argument': truncation from 'double' to 'float'
c:\users\engma\source\repos\mario\mario\main.cpp(200): warning C4305: 'argument': truncation from 'double' to 'float'
c:\users\engma\source\repos\mario\mario\main.cpp(210): warning C4305: 'argument': truncation from 'double' to 'float'
c:\users\engma\source\repos\mario\mario\main.cpp(215): warning C4305: 'argument': truncation from 'double' to 'float'
c:\users\engma\source\repos\mario\mario\main.cpp(225): warning C4305: 'argument': truncation from 'double' to 'float'
c:\users\engma\source\repos\mario\mario\main.cpp(231): warning C4305: 'argument': truncation from 'double' to 'float'
c:\users\engma\source\repos\mario\mario\main.cpp(236): warning C4305: 'argument': truncation from 'double' to 'float'
c:\users\engma\source\repos\mario\mario\main.cpp(241): warning C4305: 'argument': truncation from 'double' to 'float'
c:\users\engma\source\repos\mario\mario\main.cpp(256): warning C4305: 'argument': truncation from 'double' to 'GLclampf'
  Mario.vcxproj -> C:\Users\engma\source\repos\Mario\Debug\Mario.exe
  Mario.vcxproj -> C:\Users\engma\source\repos\Mario\Debug\Mario.pdb (Partial PDB)
